<?xml version="1.0" encoding="UTF-8"?>
<!-- Generated by org.testng.reporters.JUnitReportReporter -->
<testsuite hostname="DESKTOP-4SB8VJN" failures="0" tests="4" name="projectTestCases.CategoriesTestCase" time="28.610" errors="0" timestamp="2024-06-23T16:36:39 IST" skipped="0">
  <testcase classname="projectTestCases.CategoriesTestCase" name="logIn" time="5.915"/>
  <testcase classname="projectTestCases.CategoriesTestCase" name="add_category" time="10.574"/>
  <testcase classname="projectTestCases.CategoriesTestCase" name="SearchCategory" time="5.251"/>
  <testcase classname="projectTestCases.CategoriesTestCase" name="deleteCategory" time="6.870"/>
</testsuite> <!-- projectTestCases.CategoriesTestCase -->
