<?xml version="1.0" encoding="UTF-8"?>
<!-- Generated by org.testng.reporters.JUnitReportReporter -->
<testsuite hostname="DESKTOP-4SB8VJN" failures="0" tests="1" name="projectTestCases.LoginTestCase" time="3.379" errors="0" timestamp="2024-06-24T11:18:18 IST" skipped="0">
  <testcase classname="projectTestCases.LoginTestCase" name="logIn" time="3.379"/>
</testsuite> <!-- projectTestCases.LoginTestCase -->
