<?xml version="1.0" encoding="UTF-8"?>
<!-- Generated by org.testng.reporters.JUnitReportReporter -->
<testsuite hostname="DESKTOP-4SB8VJN" failures="0" tests="4" name="projectTestCases.UnitsTestCase" time="20.962" errors="0" timestamp="2024-06-23T20:51:14 IST" skipped="0">
  <testcase classname="projectTestCases.UnitsTestCase" name="logIn" time="2.707"/>
  <testcase classname="projectTestCases.UnitsTestCase" name="Add_units" time="9.139"/>
  <testcase classname="projectTestCases.UnitsTestCase" name="search_units" time="2.298"/>
  <testcase classname="projectTestCases.UnitsTestCase" name="deleteUnits" time="6.818"/>
</testsuite> <!-- projectTestCases.UnitsTestCase -->
