<?xml version="1.0" encoding="UTF-8"?>
<!-- Generated by org.testng.reporters.JUnitReportReporter -->
<testsuite hostname="DESKTOP-4SB8VJN" failures="0" tests="1" name="projectTestCases.LoginTestCase" time="3.991" errors="0" timestamp="2024-06-13T14:03:32 IST" skipped="0">
  <testcase classname="projectTestCases.LoginTestCase" name="f" time="3.991"/>
</testsuite> <!-- projectTestCases.LoginTestCase -->
