<?xml version="1.0" encoding="UTF-8"?>
<!-- Generated by org.testng.reporters.JUnitReportReporter -->
<testsuite hostname="DESKTOP-4SB8VJN" failures="0" tests="3" name="sequentialTestCase.CategoriesTestCase" time="17.239" errors="0" timestamp="2024-06-24T11:07:45 IST" skipped="0">
  <testcase classname="sequentialTestCase.CategoriesTestCase" name="add_category" time="6.181"/>
  <testcase classname="sequentialTestCase.CategoriesTestCase" name="SearchCategory" time="4.259"/>
  <testcase classname="sequentialTestCase.CategoriesTestCase" name="deleteCategory" time="6.799"/>
</testsuite> <!-- sequentialTestCase.CategoriesTestCase -->
