<?xml version="1.0" encoding="UTF-8"?>
<!-- Generated by org.testng.reporters.JUnitReportReporter -->
<testsuite hostname="DESKTOP-4SB8VJN" failures="0" tests="1" name="crossBrowser.LoginTestCase" time="5.894" errors="0" timestamp="2024-06-24T11:15:01 IST" skipped="0">
  <testcase classname="crossBrowser.LoginTestCase" name="logIn" time="5.894"/>
</testsuite> <!-- crossBrowser.LoginTestCase -->
