<?xml version="1.0" encoding="UTF-8"?>
<!-- Generated by org.testng.reporters.JUnitReportReporter -->
<testsuite hostname="DESKTOP-4SB8VJN" failures="0" tests="2" name="projectTestCases.AddproductTestCase" time="28.608" errors="0" timestamp="2024-06-24T11:16:13 IST" skipped="0">
  <testcase classname="projectTestCases.AddproductTestCase" name="logIn" time="3.344"/>
  <testcase classname="projectTestCases.AddproductTestCase" name="add_Product" time="25.264"/>
</testsuite> <!-- projectTestCases.AddproductTestCase -->
