<?xml version="1.0" encoding="UTF-8"?>
<!-- Generated by org.testng.reporters.JUnitReportReporter -->
<testsuite hostname="DESKTOP-4SB8VJN" failures="0" tests="3" name="projectTestCases.BrandsTestCase" time="13.992" errors="0" timestamp="2024-06-24T11:17:43 IST" skipped="0">
  <testcase classname="projectTestCases.BrandsTestCase" name="logIn" time="3.112"/>
  <testcase classname="projectTestCases.BrandsTestCase" name="addBrands" time="8.495"/>
  <testcase classname="projectTestCases.BrandsTestCase" name="SearchCategory" time="2.385"/>
</testsuite> <!-- projectTestCases.BrandsTestCase -->
