<?xml version="1.0" encoding="UTF-8"?>
<!-- Generated by org.testng.reporters.JUnitReportReporter -->
<testsuite hostname="DESKTOP-4SB8VJN" failures="0" tests="2" name="sequential.LoginSequential" time="16.312" errors="0" timestamp="2024-06-23T16:33:54 IST" skipped="0">
  <testcase classname="sequential.LoginSequential" name="logIn" time="5.628"/>
  <testcase classname="sequential.LoginSequential" name="beforeTest" time="10.684"/>
</testsuite> <!-- sequential.LoginSequential -->
