<?xml version="1.0" encoding="UTF-8"?>
<!-- Generated by org.testng.reporters.JUnitReportReporter -->
<testsuite hostname="DESKTOP-4SB8VJN" failures="0" tests="3" name="sequentialTestCase.UnitsTestCase" time="17.749" errors="0" timestamp="2024-06-24T11:07:45 IST" skipped="0">
  <testcase classname="sequentialTestCase.UnitsTestCase" name="Add_units" time="8.575"/>
  <testcase classname="sequentialTestCase.UnitsTestCase" name="search_units" time="2.284"/>
  <testcase classname="sequentialTestCase.UnitsTestCase" name="deleteUnits" time="6.890"/>
</testsuite> <!-- sequentialTestCase.UnitsTestCase -->
